#
# A fatal error has been detected by the Java Runtime Environment:
#
#  EXCEPTION_ACCESS_VIOLATION (0xc0000005) at pc=0x000002350001b921, pid=11468, tid=15076
#
# JRE version: OpenJDK Runtime Environment Temurin-17.0.4.1+1 (17.0.4.1+1) (build 17.0.4.1+1)
# Java VM: OpenJDK 64-Bit Server VM Temurin-17.0.4.1+1 (17.0.4.1+1, mixed mode, tiered, compressed oops, compressed class ptrs, g1 gc, windows-amd64)
# Problematic frame:
# j  java.lang.StringUTF16.toLowerCase(Ljava/lang/String;[BLjava/util/Locale;)Ljava/lang/String;+0 java.base@17.0.4.1
#
# No core dump will be written. Minidumps are not enabled by default on client versions of Windows
#
# If you would like to submit a bug report, please visit:
#   https://github.com/adoptium/adoptium-support/issues
#

---------------  S U M M A R Y ------------

Command Line: -Dfile.encoding=UTF-8 -XX:+ShowCodeDetailsInExceptionMessages com.mac2work.forumrestapi.ForumRestApiApplication

Host: Intel(R) Core(TM) i5-2520M CPU @ 2.50GHz, 4 cores, 7G,  Windows 10 , 64 bit Build 19041 (10.0.19041.2913)
Time: Tue Jun 13 20:02:12 2023  Windows 10 , 64 bit Build 19041 (10.0.19041.2913) elapsed time: 5376.269644 seconds (0d 1h 29m 36s)

---------------  T H R E A D  ---------------

Current thread (0x0000023513ccc360):  JavaThread "File Watcher" daemon [_thread_in_Java, id=15076, stack(0x0000005f61400000,0x0000005f61500000)]

Stack: [0x0000005f61400000,0x0000005f61500000],  sp=0x0000005f614ff408,  free space=1021k
Native frames: (J=compiled Java code, j=interpreted, Vv=VM code, C=native code)
C  0x000002350001b921


siginfo: EXCEPTION_ACCESS_VIOLATION (0xc0000005), reading address 0x0000000065646c75


Register to memory mapping:

RIP=0x000002350001b921 is at code_begin+1 in an Interpreter codelet
arraylength  190 arraylength  [0x000002350001b920, 0x000002350001b940]  32 bytes
RAX=0x0000000065646c69 is an unknown value
RBX=0x00000000000000be is an unknown value
RCX={method} {0x000002357f5f75e8} 'toLowerCase' '(Ljava/lang/String;[BLjava/util/Locale;)Ljava/lang/String;' in 'java/lang/StringUTF16'
RDX=0x000000000000000b is an unknown value
RSP=0x0000005f614ff408 is pointing into the stack for thread: 0x0000023513ccc360
RBP=0x0000005f614ff450 is pointing into the stack for thread: 0x0000023513ccc360
RSI=0x0000023518afdcd0 points into unknown readable memory: 0x0000000000000000 | 00 00 00 00 00 00 00 00
RDI=0x0000023515700340 points into unknown readable memory: 0x0000001000000080 | 80 00 00 00 10 00 00 00
R8 =0x0000000000000004 is an unknown value
R9 =0x0000000000000004 is an unknown value
R10=0x00007ffa577ff670 jvm.dll
R11={method} {0x000002357f5f75e8} 'toLowerCase' '(Ljava/lang/String;[BLjava/util/Locale;)Ljava/lang/String;' in 'java/lang/StringUTF16'
R12=0x0 is NULL
R13=0x000002357f5f7400 is pointing into metadata
R14=0x0000005f614ff4b0 is pointing into the stack for thread: 0x0000023513ccc360
R15=0x0000023513ccc360 is a thread


Registers:
RAX=0x0000000065646c69, RBX=0x00000000000000be, RCX=0x000002357f5f75e0, RDX=0x000000000000000b
RSP=0x0000005f614ff408, RBP=0x0000005f614ff450, RSI=0x0000023518afdcd0, RDI=0x0000023515700340
R8 =0x0000000000000004, R9 =0x0000000000000004, R10=0x00007ffa577ff670, R11=0x000002357f5f75e0
R12=0x0000000000000000, R13=0x000002357f5f7400, R14=0x0000005f614ff4b0, R15=0x0000023513ccc360
RIP=0x000002350001b921, EFLAGS=0x0000000000010216

Top of Stack: (sp=0x0000005f614ff408)
0x0000005f614ff408:   0000005f614ff408 000002357f5f73f0
0x0000005f614ff418:   0000005f614ff4b0 000002357f5fa118
0x0000005f614ff428:   000002357f96de28 0000000082010478
0x0000005f614ff438:   000002357f5f75e0 0000000000000000
0x0000005f614ff448:   0000005f614ff4a0 0000005f614ff500
0x0000005f614ff458:   0000023500009645 0000000000000000
0x0000005f614ff468:   0000000000000000 0000000000000000
0x0000005f614ff478:   0000000000000000 0000000000000000
0x0000005f614ff488:   0000000000000000 0000000000000000
0x0000005f614ff498:   0000000000000000 0000000082038428
0x0000005f614ff4a8:   0000000065646c69 00000000870672f8
0x0000005f614ff4b8:   0000005f614ff4b8 000002357f40cc41
0x0000005f614ff4c8:   0000005f614ff518 000002357f535670
0x0000005f614ff4d8:   000002357f96dca0 0000000082031f58
0x0000005f614ff4e8:   000002357f40cc68 0000005f614ff4a0
0x0000005f614ff4f8:   0000005f614ff510 0000005f614ff568 

Instructions: (pc=0x000002350001b921)
0x000002350001b821:   00 00 00 e9 ad 00 00 00 4c 8b c8 48 8d 44 24 08
0x000002350001b831:   4c 89 6d c0 49 8b cf c5 f8 77 49 89 af 98 02 00
0x000002350001b841:   00 49 89 87 88 02 00 00 48 83 ec 20 f7 c4 0f 00
0x000002350001b851:   00 00 0f 84 1a 00 00 00 48 83 ec 08 49 ba 20 f8
0x000002350001b861:   fe 56 fa 7f 00 00 41 ff d2 48 83 c4 08 e9 0d 00
0x000002350001b871:   00 00 49 ba 20 f8 fe 56 fa 7f 00 00 41 ff d2 48
0x000002350001b881:   83 c4 20 49 c7 87 88 02 00 00 00 00 00 00 49 c7
0x000002350001b891:   87 98 02 00 00 00 00 00 00 49 c7 87 90 02 00 00
0x000002350001b8a1:   00 00 00 00 c5 f8 77 49 81 7f 08 00 00 00 00 0f
0x000002350001b8b1:   84 05 00 00 00 e9 45 56 fe ff 49 8b 87 e0 02 00
0x000002350001b8c1:   00 49 c7 87 e0 02 00 00 00 00 00 00 4c 8b 6d c0
0x000002350001b8d1:   4c 8b 75 c8 c3 41 0f b6 5d 03 49 83 c5 03 49 ba
0x000002350001b8e1:   70 f6 7f 57 fa 7f 00 00 41 ff 24 da 66 66 90 00
0x000002350001b8f1:   00 00 00 00 00 00 00 00 00 00 00 00 00 00 00 40
0x000002350001b901:   00 00 00 00 00 00 00 48 be 58 57 fa 7f 00 00 be
0x000002350001b911:   00 00 00 00 00 00 00 00 00 00 00 00 00 00 00 58
0x000002350001b921:   8b 40 0c 41 0f b6 5d 01 49 ff c5 49 ba 70 d6 7f
0x000002350001b931:   57 fa 7f 00 00 41 ff 24 da 66 0f 1f 44 00 00 40
0x000002350001b941:   00 00 00 00 00 00 00 54 be 58 57 fa 7f 00 00 bf
0x000002350001b951:   00 00 00 00 00 00 00 00 00 00 00 00 00 00 00 58
0x000002350001b961:   48 3b 00 e9 ca fa fe ff 0f 1f 80 00 00 00 00 00
0x000002350001b971:   00 00 00 00 00 00 00 00 00 00 00 00 00 00 00 60
0x000002350001b981:   02 00 00 00 00 00 00 60 be 58 57 fa 7f 00 00 c0
0x000002350001b991:   00 00 00 00 00 00 00 00 00 00 00 00 00 00 00 58
0x000002350001b9a1:   48 85 c0 0f 84 f8 01 00 00 48 8b 4d e8 48 8b 49
0x000002350001b9b1:   08 48 8b 49 08 48 8b 51 08 41 0f b7 5d 01 0f cb
0x000002350001b9c1:   c1 eb 10 80 7c 1a 04 07 0f 84 b8 00 00 00 50 e8
0x000002350001b9d1:   05 00 00 00 e9 98 00 00 00 48 8d 44 24 08 4c 89
0x000002350001b9e1:   6d c0 49 8b cf c5 f8 77 49 89 af 98 02 00 00 49
0x000002350001b9f1:   89 87 88 02 00 00 48 83 ec 20 f7 c4 0f 00 00 00
0x000002350001ba01:   0f 84 1a 00 00 00 48 83 ec 08 49 ba 70 26 ff 56
0x000002350001ba11:   fa 7f 00 00 41 ff d2 48 83 c4 08 e9 0d 00 00 00 


Stack slot to memory mapping:
stack at sp + 0 slots: 0x0000005f614ff408 is pointing into the stack for thread: 0x0000023513ccc360
stack at sp + 1 slots: 0x000002357f5f73f0 is pointing into metadata
stack at sp + 2 slots: 0x0000005f614ff4b0 is pointing into the stack for thread: 0x0000023513ccc360
stack at sp + 3 slots: 0x000002357f5fa118 is pointing into metadata
stack at sp + 4 slots: 0x000002357f96de28 is pointing into metadata
stack at sp + 5 slots: 0x0000000082010478 is an oop: java.lang.Class 
{0x0000000082010478} - klass: 'java/lang/Class'
 - ---- fields (total size 16 words):
 - private volatile transient 'classRedefinedCount' 'I' @12  0
 - private volatile transient 'cachedConstructor' 'Ljava/lang/reflect/Constructor;' @40  NULL (0)
 - private transient 'name' 'Ljava/lang/String;' @44  NULL (0)
 - private transient 'module' 'Ljava/lang/Module;' @48  a 'java/lang/Module'{0x00000000820238d8} (820238d8)
 - private final 'classLoader' 'Ljava/lang/ClassLoader;' @52  NULL (0)
 - private transient 'classData' 'Ljava/lang/Object;' @56  NULL (0)
 - private transient 'packageName' 'Ljava/lang/String;' @60  NULL (0)
 - private final 'componentType' 'Ljava/lang/Class;' @64  NULL (0)
 - private volatile transient 'reflectionData' 'Ljava/lang/ref/SoftReference;' @68  NULL (0)
 - private volatile transient 'genericInfo' 'Lsun/reflect/generics/repository/ClassRepository;' @72  NULL (0)
 - private volatile transient 'enumConstants' '[Ljava/lang/Object;' @76  NULL (0)
 - private volatile transient 'enumConstantDirectory' 'Ljava/util/Map;' @80  NULL (0)
 - private volatile transient 'annotationData' 'Ljava/lang/Class$AnnotationData;' @84  NULL (0)
 - private volatile transient 'annotationType' 'Lsun/reflect/annotation/AnnotationType;' @88  NULL (0)
 - transient 'classValueMap' 'Ljava/lang/ClassValue$ClassValueMap;' @92  NULL (0)
 - signature: Ljava/lang/StringUTF16;
 - fake entry for mirror: 'java/lang/StringUTF16'
 - fake entry for array: NULL
 - fake entry for oop_size: 16
 - fake entry for static_oop_field_count: 0
 - static final 'HI_BYTE_SHIFT' 'I' @112  0
 - static final 'LO_BYTE_SHIFT' 'I' @116  8
 - static final 'MAX_LENGTH' 'I' @120  1073741823 (3fffffff)
 - static final synthetic '$assertionsDisabled' 'Z' @124  true
stack at sp + 6 slots: {method} {0x000002357f5f75e8} 'toLowerCase' '(Ljava/lang/String;[BLjava/util/Locale;)Ljava/lang/String;' in 'java/lang/StringUTF16'
stack at sp + 7 slots: 0x0 is NULL

arraylength  190 arraylength  [0x000002350001b920, 0x000002350001b940]  32 bytes
[MachCode]
  0x000002350001b920: 588b 400c | 410f b65d | 0149 ffc5 | 49ba 70d6 | 7f57 fa7f | 0000 41ff | 24da 660f | 1f44 0000 
[/MachCode]

---------------  P R O C E S S  ---------------

Threads class SMR info:
_java_thread_list=0x000002351163de60, length=35, elements={
0x000002357f31b3e0, 0x000002357f31c8e0, 0x000002357f35f210, 0x000002357f360ce0,
0x000002357f3646c0, 0x000002357f366a00, 0x000002357f368330, 0x000002351103f030,
0x000002351104bd30, 0x00000235111aa4a0, 0x00000235111371c0, 0x000002351462fae0,
0x0000023513ccbe90, 0x0000023513ccb4f0, 0x0000023513cc89a0, 0x0000023513ccc360,
0x0000023513cccd00, 0x0000023513ccb020, 0x00000235127c1d10, 0x00000235127c09d0,
0x00000235127c3050, 0x00000235127c3520, 0x00000235127c5ba0, 0x00000235127c4390,
0x00000235127c4860, 0x00000235127c6070, 0x00000235127c6540, 0x00000235127c73b0,
0x00000235127c1840, 0x00000235127c7880, 0x00000235127c0030, 0x00000235127c0500,
0x00000235127c0ea0, 0x00000235127c1370, 0x0000023513cce510
}

Java Threads: ( => current thread )
  0x000002357f31b3e0 JavaThread "Reference Handler" daemon [_thread_blocked, id=11880, stack(0x0000005f60800000,0x0000005f60900000)]
  0x000002357f31c8e0 JavaThread "Finalizer" daemon [_thread_blocked, id=16580, stack(0x0000005f60900000,0x0000005f60a00000)]
  0x000002357f35f210 JavaThread "Signal Dispatcher" daemon [_thread_blocked, id=8424, stack(0x0000005f60a00000,0x0000005f60b00000)]
  0x000002357f360ce0 JavaThread "Attach Listener" daemon [_thread_blocked, id=18000, stack(0x0000005f60b00000,0x0000005f60c00000)]
  0x000002357f3646c0 JavaThread "Service Thread" daemon [_thread_blocked, id=9740, stack(0x0000005f60c00000,0x0000005f60d00000)]
  0x000002357f366a00 JavaThread "Monitor Deflation Thread" daemon [_thread_blocked, id=19204, stack(0x0000005f60d00000,0x0000005f60e00000)]
  0x000002357f368330 JavaThread "C2 CompilerThread0" daemon [_thread_blocked, id=13528, stack(0x0000005f60e00000,0x0000005f60f00000)]
  0x000002351103f030 JavaThread "C1 CompilerThread0" daemon [_thread_blocked, id=18796, stack(0x0000005f60f00000,0x0000005f61000000)]
  0x000002351104bd30 JavaThread "Sweeper thread" daemon [_thread_blocked, id=17508, stack(0x0000005f61000000,0x0000005f61100000)]
  0x00000235111aa4a0 JavaThread "Notification Thread" daemon [_thread_blocked, id=18288, stack(0x0000005f61100000,0x0000005f61200000)]
  0x00000235111371c0 JavaThread "Common-Cleaner" daemon [_thread_blocked, id=9136, stack(0x0000005f61300000,0x0000005f61400000)]
  0x000002351462fae0 JavaThread "mysql-cj-abandoned-connection-cleanup" daemon [_thread_blocked, id=11824, stack(0x0000005f61a00000,0x0000005f61b00000)]
  0x0000023513ccbe90 JavaThread "Live Reload Server" daemon [_thread_in_native, id=19028, stack(0x0000005f62200000,0x0000005f62300000)]
  0x0000023513ccb4f0 JavaThread "DestroyJavaVM" [_thread_blocked, id=18472, stack(0x0000005f60100000,0x0000005f60200000)]
  0x0000023513cc89a0 JavaThread "File Watcher" daemon [_thread_blocked, id=16480, stack(0x0000005f60000000,0x0000005f60100000)]
=>0x0000023513ccc360 JavaThread "File Watcher" daemon [_thread_in_Java, id=15076, stack(0x0000005f61400000,0x0000005f61500000)]
  0x0000023513cccd00 JavaThread "File Watcher" daemon [_thread_blocked, id=9508, stack(0x0000005f61b00000,0x0000005f61c00000)]
  0x0000023513ccb020 JavaThread "File Watcher" daemon [_thread_blocked, id=17044, stack(0x0000005f61800000,0x0000005f61900000)]
  0x00000235127c1d10 JavaThread "HikariPool-26 housekeeper" daemon [_thread_blocked, id=16932, stack(0x0000005f61900000,0x0000005f61a00000)]
  0x00000235127c09d0 JavaThread "Catalina-utility-1" [_thread_blocked, id=2604, stack(0x0000005f62100000,0x0000005f62200000)]
  0x00000235127c3050 JavaThread "Catalina-utility-2" [_thread_blocked, id=18964, stack(0x0000005f62300000,0x0000005f62400000)]
  0x00000235127c3520 JavaThread "container-4" [_thread_blocked, id=14448, stack(0x0000005f62400000,0x0000005f62500000)]
  0x00000235127c5ba0 JavaThread "File Watcher" daemon [_thread_blocked, id=15964, stack(0x0000005f62500000,0x0000005f62600000)]
  0x00000235127c4390 JavaThread "http-nio-8080-exec-1" daemon [_thread_blocked, id=14932, stack(0x0000005f62600000,0x0000005f62700000)]
  0x00000235127c4860 JavaThread "http-nio-8080-exec-2" daemon [_thread_blocked, id=5176, stack(0x0000005f62700000,0x0000005f62800000)]
  0x00000235127c6070 JavaThread "http-nio-8080-exec-3" daemon [_thread_blocked, id=12196, stack(0x0000005f62800000,0x0000005f62900000)]
  0x00000235127c6540 JavaThread "http-nio-8080-exec-4" daemon [_thread_blocked, id=5800, stack(0x0000005f62900000,0x0000005f62a00000)]
  0x00000235127c73b0 JavaThread "http-nio-8080-exec-5" daemon [_thread_blocked, id=15956, stack(0x0000005f62a00000,0x0000005f62b00000)]
  0x00000235127c1840 JavaThread "http-nio-8080-exec-6" daemon [_thread_blocked, id=16720, stack(0x0000005f62b00000,0x0000005f62c00000)]
  0x00000235127c7880 JavaThread "http-nio-8080-exec-7" daemon [_thread_blocked, id=9760, stack(0x0000005f62c00000,0x0000005f62d00000)]
  0x00000235127c0030 JavaThread "http-nio-8080-exec-8" daemon [_thread_blocked, id=13060, stack(0x0000005f62d00000,0x0000005f62e00000)]
  0x00000235127c0500 JavaThread "http-nio-8080-exec-9" daemon [_thread_blocked, id=17064, stack(0x0000005f62e00000,0x0000005f62f00000)]
  0x00000235127c0ea0 JavaThread "http-nio-8080-exec-10" daemon [_thread_blocked, id=18556, stack(0x0000005f62f00000,0x0000005f63000000)]
  0x00000235127c1370 JavaThread "http-nio-8080-Poller" daemon [_thread_in_native, id=12148, stack(0x0000005f63000000,0x0000005f63100000)]
  0x0000023513cce510 JavaThread "http-nio-8080-Acceptor" daemon [_thread_in_native, id=17120, stack(0x0000005f63100000,0x0000005f63200000)]

Other Threads:
  0x000002357f315460 VMThread "VM Thread" [stack: 0x0000005f60700000,0x0000005f60800000] [id=8928]
  0x0000023511138e90 WatcherThread [stack: 0x0000005f61200000,0x0000005f61300000] [id=5140]
  0x0000023576ca4ae0 GCTaskThread "GC Thread#0" [stack: 0x0000005f60200000,0x0000005f60300000] [id=6464]
  0x0000023511bfe970 GCTaskThread "GC Thread#1" [stack: 0x0000005f61500000,0x0000005f61600000] [id=19092]
  0x0000023511bfec20 GCTaskThread "GC Thread#2" [stack: 0x0000005f61600000,0x0000005f61700000] [id=14528]
  0x0000023512578dc0 GCTaskThread "GC Thread#3" [stack: 0x0000005f61700000,0x0000005f61800000] [id=11724]
  0x0000023576cb5e40 ConcurrentGCThread "G1 Main Marker" [stack: 0x0000005f60300000,0x0000005f60400000] [id=6616]
  0x0000023576cb6850 ConcurrentGCThread "G1 Conc#0" [stack: 0x0000005f60400000,0x0000005f60500000] [id=12572]
  0x0000023576d1da10 ConcurrentGCThread "G1 Refine#0" [stack: 0x0000005f60500000,0x0000005f60600000] [id=13340]
  0x0000023576d1e340 ConcurrentGCThread "G1 Service" [stack: 0x0000005f60600000,0x0000005f60700000] [id=16748]

Threads with active compile tasks:

VM state: not at safepoint (normal execution)

VM Mutex/Monitor currently owned by a thread: None

Heap address: 0x0000000081c00000, size: 2020 MB, Compressed Oops mode: 32-bit

CDS archive(s) not mapped
Compressed class space mapped at: 0x0000000100000000-0x0000000140000000, reserved size: 1073741824
Narrow klass base: 0x0000000000000000, Narrow klass shift: 3, Narrow klass range: 0x140000000

GC Precious Log:
 CPUs: 4 total, 4 available
 Memory: 8075M
 Large Page Support: Disabled
 NUMA Support: Disabled
 Compressed Oops: Enabled (32-bit)
 Heap Region Size: 1M
 Heap Min Capacity: 8M
 Heap Initial Capacity: 128M
 Heap Max Capacity: 2020M
 Pre-touch: Disabled
 Parallel Workers: 4
 Concurrent Workers: 1
 Concurrent Refinement Workers: 4
 Periodic GC: Disabled

Heap:
 garbage-first heap   total 106496K, used 56666K [0x0000000081c00000, 0x0000000100000000)
  region size 1024K, 23 young (23552K), 3 survivors (3072K)
 Metaspace       used 97482K, committed 98752K, reserved 1138688K
  class space    used 11667K, committed 12224K, reserved 1048576K

Heap Regions: E=young(eden), S=young(survivor), O=old, HS=humongous(starts), HC=humongous(continues), CS=collection set, F=free, OA=open archive, CA=closed archive, TAMS=top-at-mark-start (previous, next)
|   0|0x0000000081c00000, 0x0000000081d00000, 0x0000000081d00000|100%|HS|  |TAMS 0x0000000081d00000, 0x0000000081c00000| Untracked 
|   1|0x0000000081d00000, 0x0000000081e00000, 0x0000000081e00000|100%| O|  |TAMS 0x0000000081e00000, 0x0000000081d00000| Untracked 
|   2|0x0000000081e00000, 0x0000000081f00000, 0x0000000081f00000|100%| O|  |TAMS 0x0000000081f00000, 0x0000000081e00000| Untracked 
|   3|0x0000000081f00000, 0x0000000081ffffe8, 0x0000000082000000| 99%| O|  |TAMS 0x0000000081ffffe8, 0x0000000081f00000| Untracked 
|   4|0x0000000082000000, 0x00000000820fffd8, 0x0000000082100000| 99%| O|  |TAMS 0x00000000820fffd8, 0x0000000082000000| Untracked 
|   5|0x0000000082100000, 0x0000000082200000, 0x0000000082200000|100%| O|  |TAMS 0x0000000082200000, 0x0000000082100000| Untracked 
|   6|0x0000000082200000, 0x00000000822fffe8, 0x0000000082300000| 99%| O|  |TAMS 0x00000000822fffe8, 0x0000000082200000| Untracked 
|   7|0x0000000082300000, 0x00000000823fffd0, 0x0000000082400000| 99%| O|  |TAMS 0x00000000823fffd0, 0x0000000082300000| Untracked 
|   8|0x0000000082400000, 0x00000000824ffff0, 0x0000000082500000| 99%| O|  |TAMS 0x00000000824ffff0, 0x0000000082400000| Untracked 
|   9|0x0000000082500000, 0x00000000825ffff0, 0x0000000082600000| 99%| O|  |TAMS 0x00000000825ffff0, 0x0000000082500000| Untracked 
|  10|0x0000000082600000, 0x00000000826ffff8, 0x0000000082700000| 99%| O|  |TAMS 0x00000000826ffff8, 0x0000000082600000| Untracked 
|  11|0x0000000082700000, 0x00000000827fffb0, 0x0000000082800000| 99%| O|  |TAMS 0x00000000827fffb0, 0x0000000082700000| Untracked 
|  12|0x0000000082800000, 0x00000000828ff2e8, 0x0000000082900000| 99%| O|  |TAMS 0x00000000828ff2e8, 0x0000000082800000| Untracked 
|  13|0x0000000082900000, 0x00000000829ffff8, 0x0000000082a00000| 99%| O|  |TAMS 0x00000000829ffff8, 0x0000000082900000| Untracked 
|  14|0x0000000082a00000, 0x0000000082b00000, 0x0000000082b00000|100%| O|  |TAMS 0x0000000082b00000, 0x0000000082a00000| Untracked 
|  15|0x0000000082b00000, 0x0000000082bfffe8, 0x0000000082c00000| 99%| O|  |TAMS 0x0000000082bfffe8, 0x0000000082b00000| Untracked 
|  16|0x0000000082c00000, 0x0000000082cfff88, 0x0000000082d00000| 99%| O|  |TAMS 0x0000000082cfff88, 0x0000000082c00000| Untracked 
|  17|0x0000000082d00000, 0x0000000082dffff8, 0x0000000082e00000| 99%| O|  |TAMS 0x0000000082dffff8, 0x0000000082d00000| Untracked 
|  18|0x0000000082e00000, 0x0000000082f00000, 0x0000000082f00000|100%| O|  |TAMS 0x0000000082f00000, 0x0000000082e00000| Untracked 
|  19|0x0000000082f00000, 0x0000000082ffffc8, 0x0000000083000000| 99%| O|  |TAMS 0x0000000082ffffc8, 0x0000000082f00000| Untracked 
|  20|0x0000000083000000, 0x0000000083100000, 0x0000000083100000|100%| O|  |TAMS 0x0000000083100000, 0x0000000083000000| Untracked 
|  21|0x0000000083100000, 0x00000000831fffd8, 0x0000000083200000| 99%| O|  |TAMS 0x00000000831fffd8, 0x0000000083100000| Untracked 
|  22|0x0000000083200000, 0x00000000832fffe8, 0x0000000083300000| 99%| O|  |TAMS 0x00000000832fffe8, 0x0000000083200000| Untracked 
|  23|0x0000000083300000, 0x00000000833fffe8, 0x0000000083400000| 99%| O|  |TAMS 0x00000000833fffe8, 0x0000000083300000| Untracked 
|  24|0x0000000083400000, 0x0000000083500000, 0x0000000083500000|100%| O|  |TAMS 0x0000000083400000, 0x0000000083400000| Untracked 
|  25|0x0000000083500000, 0x00000000835fffd0, 0x0000000083600000| 99%| O|  |TAMS 0x00000000835fffd0, 0x0000000083500000| Untracked 
|  26|0x0000000083600000, 0x00000000836fffc8, 0x0000000083700000| 99%| O|  |TAMS 0x0000000083600000, 0x0000000083600000| Untracked 
|  27|0x0000000083700000, 0x0000000083800000, 0x0000000083800000|100%| O|  |TAMS 0x0000000083700000, 0x0000000083700000| Untracked 
|  28|0x0000000083800000, 0x00000000838fffe8, 0x0000000083900000| 99%| O|  |TAMS 0x0000000083800000, 0x0000000083800000| Untracked 
|  29|0x0000000083900000, 0x0000000083901050, 0x0000000083a00000|  0%| O|  |TAMS 0x0000000083900000, 0x0000000083900000| Untracked 
|  30|0x0000000083a00000, 0x0000000083a19f20, 0x0000000083b00000| 10%| O|  |TAMS 0x0000000083a00000, 0x0000000083a00000| Untracked 
|  31|0x0000000083b00000, 0x0000000083c00000, 0x0000000083c00000|100%| O|  |TAMS 0x0000000083b00000, 0x0000000083b00000| Untracked 
|  32|0x0000000083c00000, 0x0000000083cffee0, 0x0000000083d00000| 99%| O|  |TAMS 0x0000000083c00000, 0x0000000083c00000| Untracked 
|  33|0x0000000083d00000, 0x0000000083e00000, 0x0000000083e00000|100%| O|  |TAMS 0x0000000083d00000, 0x0000000083d00000| Untracked 
|  34|0x0000000083e00000, 0x0000000083f00000, 0x0000000083f00000|100%| O|  |TAMS 0x0000000083e00000, 0x0000000083e00000| Untracked 
|  35|0x0000000083f00000, 0x0000000083f6c600, 0x0000000084000000| 42%| O|  |TAMS 0x0000000083f00000, 0x0000000083f00000| Untracked 
|  36|0x0000000084000000, 0x0000000084000000, 0x0000000084100000|  0%| F|  |TAMS 0x0000000084000000, 0x0000000084000000| Untracked 
|  37|0x0000000084100000, 0x0000000084100000, 0x0000000084200000|  0%| F|  |TAMS 0x0000000084100000, 0x0000000084100000| Untracked 
|  38|0x0000000084200000, 0x0000000084200000, 0x0000000084300000|  0%| F|  |TAMS 0x0000000084200000, 0x0000000084200000| Untracked 
|  39|0x0000000084300000, 0x0000000084300000, 0x0000000084400000|  0%| F|  |TAMS 0x0000000084300000, 0x0000000084300000| Untracked 
|  40|0x0000000084400000, 0x0000000084400000, 0x0000000084500000|  0%| F|  |TAMS 0x0000000084400000, 0x0000000084400000| Untracked 
|  41|0x0000000084500000, 0x0000000084500000, 0x0000000084600000|  0%| F|  |TAMS 0x0000000084500000, 0x0000000084500000| Untracked 
|  42|0x0000000084600000, 0x0000000084600000, 0x0000000084700000|  0%| F|  |TAMS 0x0000000084600000, 0x0000000084600000| Untracked 
|  43|0x0000000084700000, 0x0000000084700000, 0x0000000084800000|  0%| F|  |TAMS 0x0000000084700000, 0x0000000084700000| Untracked 
|  44|0x0000000084800000, 0x0000000084800000, 0x0000000084900000|  0%| F|  |TAMS 0x0000000084800000, 0x0000000084800000| Untracked 
|  45|0x0000000084900000, 0x0000000084900000, 0x0000000084a00000|  0%| F|  |TAMS 0x0000000084900000, 0x0000000084900000| Untracked 
|  46|0x0000000084a00000, 0x0000000084a00000, 0x0000000084b00000|  0%| F|  |TAMS 0x0000000084a00000, 0x0000000084a00000| Untracked 
|  47|0x0000000084b00000, 0x0000000084bbe110, 0x0000000084c00000| 74%| S|CS|TAMS 0x0000000084b00000, 0x0000000084b00000| Complete 
|  48|0x0000000084c00000, 0x0000000084c00000, 0x0000000084d00000|  0%| F|  |TAMS 0x0000000084c00000, 0x0000000084c00000| Untracked 
|  49|0x0000000084d00000, 0x0000000084e00000, 0x0000000084e00000|100%| S|CS|TAMS 0x0000000084d00000, 0x0000000084d00000| Complete 
|  50|0x0000000084e00000, 0x0000000084e00000, 0x0000000084f00000|  0%| F|  |TAMS 0x0000000084e00000, 0x0000000084e00000| Untracked 
|  51|0x0000000084f00000, 0x0000000085000000, 0x0000000085000000|100%| S|CS|TAMS 0x0000000084f00000, 0x0000000084f00000| Complete 
|  52|0x0000000085000000, 0x0000000085000000, 0x0000000085100000|  0%| F|  |TAMS 0x0000000085000000, 0x0000000085000000| Untracked 
|  53|0x0000000085100000, 0x0000000085112280, 0x0000000085200000|  7%| O|  |TAMS 0x0000000085100000, 0x0000000085100000| Untracked 
|  54|0x0000000085200000, 0x0000000085200000, 0x0000000085300000|  0%| F|  |TAMS 0x0000000085200000, 0x0000000085200000| Untracked 
|  55|0x0000000085300000, 0x0000000085300000, 0x0000000085400000|  0%| F|  |TAMS 0x0000000085300000, 0x0000000085300000| Untracked 
|  56|0x0000000085400000, 0x0000000085400000, 0x0000000085500000|  0%| F|  |TAMS 0x0000000085400000, 0x0000000085400000| Untracked 
|  57|0x0000000085500000, 0x0000000085500000, 0x0000000085600000|  0%| F|  |TAMS 0x0000000085500000, 0x0000000085500000| Untracked 
|  58|0x0000000085600000, 0x0000000085600000, 0x0000000085700000|  0%| F|  |TAMS 0x0000000085600000, 0x0000000085600000| Untracked 
|  59|0x0000000085700000, 0x0000000085700000, 0x0000000085800000|  0%| F|  |TAMS 0x0000000085700000, 0x0000000085700000| Untracked 
|  60|0x0000000085800000, 0x0000000085800000, 0x0000000085900000|  0%| F|  |TAMS 0x0000000085800000, 0x0000000085800000| Untracked 
|  61|0x0000000085900000, 0x0000000085900000, 0x0000000085a00000|  0%| F|  |TAMS 0x0000000085900000, 0x0000000085900000| Untracked 
|  62|0x0000000085a00000, 0x0000000085a00000, 0x0000000085b00000|  0%| F|  |TAMS 0x0000000085a00000, 0x0000000085a00000| Untracked 
|  63|0x0000000085b00000, 0x0000000085b00000, 0x0000000085c00000|  0%| F|  |TAMS 0x0000000085b00000, 0x0000000085b00000| Untracked 
|  64|0x0000000085c00000, 0x0000000085c00000, 0x0000000085d00000|  0%| F|  |TAMS 0x0000000085c00000, 0x0000000085c00000| Untracked 
|  65|0x0000000085d00000, 0x0000000085d00000, 0x0000000085e00000|  0%| F|  |TAMS 0x0000000085d00000, 0x0000000085d00000| Untracked 
|  66|0x0000000085e00000, 0x0000000085e00000, 0x0000000085f00000|  0%| F|  |TAMS 0x0000000085e00000, 0x0000000085e00000| Untracked 
|  67|0x0000000085f00000, 0x0000000085f00000, 0x0000000086000000|  0%| F|  |TAMS 0x0000000085f00000, 0x0000000085f00000| Untracked 
|  68|0x0000000086000000, 0x0000000086000000, 0x0000000086100000|  0%| F|  |TAMS 0x0000000086000000, 0x0000000086000000| Untracked 
|  69|0x0000000086100000, 0x0000000086100000, 0x0000000086200000|  0%| F|  |TAMS 0x0000000086100000, 0x0000000086100000| Untracked 
|  70|0x0000000086200000, 0x0000000086200000, 0x0000000086300000|  0%| F|  |TAMS 0x0000000086200000, 0x0000000086200000| Untracked 
|  71|0x0000000086300000, 0x0000000086300000, 0x0000000086400000|  0%| F|  |TAMS 0x0000000086300000, 0x0000000086300000| Untracked 
|  72|0x0000000086400000, 0x0000000086400000, 0x0000000086500000|  0%| F|  |TAMS 0x0000000086400000, 0x0000000086400000| Untracked 
|  73|0x0000000086500000, 0x0000000086500000, 0x0000000086600000|  0%| F|  |TAMS 0x0000000086500000, 0x0000000086500000| Untracked 
|  74|0x0000000086600000, 0x0000000086600000, 0x0000000086700000|  0%| F|  |TAMS 0x0000000086600000, 0x0000000086600000| Untracked 
|  75|0x0000000086700000, 0x0000000086700000, 0x0000000086800000|  0%| F|  |TAMS 0x0000000086700000, 0x0000000086700000| Untracked 
|  76|0x0000000086800000, 0x0000000086800000, 0x0000000086900000|  0%| F|  |TAMS 0x0000000086800000, 0x0000000086800000| Untracked 
|  77|0x0000000086900000, 0x0000000086900000, 0x0000000086a00000|  0%| F|  |TAMS 0x0000000086900000, 0x0000000086900000| Untracked 
|  78|0x0000000086a00000, 0x0000000086a00000, 0x0000000086b00000|  0%| F|  |TAMS 0x0000000086a00000, 0x0000000086a00000| Untracked 
|  79|0x0000000086b00000, 0x0000000086b00000, 0x0000000086c00000|  0%| F|  |TAMS 0x0000000086b00000, 0x0000000086b00000| Untracked 
|  80|0x0000000086c00000, 0x0000000086c00000, 0x0000000086d00000|  0%| F|  |TAMS 0x0000000086c00000, 0x0000000086c00000| Untracked 
|  81|0x0000000086d00000, 0x0000000086d00000, 0x0000000086e00000|  0%| F|  |TAMS 0x0000000086d00000, 0x0000000086d00000| Untracked 
|  82|0x0000000086e00000, 0x0000000086e00000, 0x0000000086f00000|  0%| F|  |TAMS 0x0000000086e00000, 0x0000000086e00000| Untracked 
|  83|0x0000000086f00000, 0x0000000086f00000, 0x0000000087000000|  0%| F|  |TAMS 0x0000000086f00000, 0x0000000086f00000| Untracked 
|  84|0x0000000087000000, 0x00000000870fd4b8, 0x0000000087100000| 98%| E|  |TAMS 0x0000000087000000, 0x0000000087000000| Complete 
|  85|0x0000000087100000, 0x0000000087200000, 0x0000000087200000|100%| E|CS|TAMS 0x0000000087100000, 0x0000000087100000| Complete 
|  86|0x0000000087200000, 0x0000000087300000, 0x0000000087300000|100%| E|CS|TAMS 0x0000000087200000, 0x0000000087200000| Complete 
|  87|0x0000000087300000, 0x0000000087400000, 0x0000000087400000|100%| E|CS|TAMS 0x0000000087300000, 0x0000000087300000| Complete 
|  88|0x0000000087400000, 0x0000000087500000, 0x0000000087500000|100%| E|CS|TAMS 0x0000000087400000, 0x0000000087400000| Complete 
|  89|0x0000000087500000, 0x0000000087600000, 0x0000000087600000|100%| E|CS|TAMS 0x0000000087500000, 0x0000000087500000| Complete 
|  90|0x0000000087600000, 0x0000000087700000, 0x0000000087700000|100%| E|CS|TAMS 0x0000000087600000, 0x0000000087600000| Complete 
|  91|0x0000000087700000, 0x0000000087800000, 0x0000000087800000|100%| E|CS|TAMS 0x0000000087700000, 0x0000000087700000| Complete 
|  92|0x0000000087800000, 0x0000000087900000, 0x0000000087900000|100%| E|CS|TAMS 0x0000000087800000, 0x0000000087800000| Complete 
|  93|0x0000000087900000, 0x0000000087a00000, 0x0000000087a00000|100%| E|CS|TAMS 0x0000000087900000, 0x0000000087900000| Complete 
|  94|0x0000000087a00000, 0x0000000087b00000, 0x0000000087b00000|100%| E|CS|TAMS 0x0000000087a00000, 0x0000000087a00000| Complete 
|  95|0x0000000087b00000, 0x0000000087c00000, 0x0000000087c00000|100%| E|CS|TAMS 0x0000000087b00000, 0x0000000087b00000| Complete 
|  96|0x0000000087c00000, 0x0000000087d00000, 0x0000000087d00000|100%| E|CS|TAMS 0x0000000087c00000, 0x0000000087c00000| Complete 
|  97|0x0000000087d00000, 0x0000000087e00000, 0x0000000087e00000|100%| E|CS|TAMS 0x0000000087d00000, 0x0000000087d00000| Complete 
|  98|0x0000000087e00000, 0x0000000087f00000, 0x0000000087f00000|100%| E|CS|TAMS 0x0000000087e00000, 0x0000000087e00000| Complete 
|  99|0x0000000087f00000, 0x0000000088000000, 0x0000000088000000|100%| E|CS|TAMS 0x0000000087f00000, 0x0000000087f00000| Complete 
| 100|0x0000000088000000, 0x0000000088100000, 0x0000000088100000|100%| E|CS|TAMS 0x0000000088000000, 0x0000000088000000| Complete 
| 101|0x0000000088100000, 0x0000000088200000, 0x0000000088200000|100%| E|CS|TAMS 0x0000000088100000, 0x0000000088100000| Complete 
| 102|0x0000000088200000, 0x0000000088300000, 0x0000000088300000|100%| E|CS|TAMS 0x0000000088200000, 0x0000000088200000| Complete 
| 103|0x0000000088300000, 0x0000000088400000, 0x0000000088400000|100%| E|CS|TAMS 0x0000000088300000, 0x0000000088300000| Complete 

Card table byte_map: [0x000002357a710000,0x000002357ab10000] _byte_map_base: 0x000002357a302000

Marking Bits (Prev, Next): (CMBitMap*) 0x0000023576ca5130, (CMBitMap*) 0x0000023576ca50f0
 Prev Bits: [0x000002357cea0000, 0x000002357ee30000)
 Next Bits: [0x000002357af10000, 0x000002357cea0000)

Polling page: 0x0000023574bd0000

Metaspace:

Usage:
  Non-class:     83.80 MB used.
      Class:     11.39 MB used.
       Both:     95.20 MB used.

Virtual space:
  Non-class space:       88.00 MB reserved,      84.50 MB ( 96%) committed,  11 nodes.
      Class space:        1.00 GB reserved,      11.94 MB (  1%) committed,  1 nodes.
             Both:        1.09 GB reserved,      96.44 MB (  9%) committed. 

Chunk freelists:
   Non-Class:  2.67 MB
       Class:  78.00 KB
        Both:  2.75 MB

MaxMetaspaceSize: unlimited
CompressedClassSpaceSize: 1.00 GB
Initial GC threshold: 21.00 MB
Current GC threshold: 159.19 MB
CDS: off
MetaspaceReclaimPolicy: balanced
 - commit_granule_bytes: 65536.
 - commit_granule_words: 8192.
 - virtual_space_node_default_size: 1048576.
 - enlarge_chunks_in_place: 1.
 - new_chunks_are_fully_committed: 0.
 - uncommit_free_chunks: 1.
 - use_allocation_guard: 0.
 - handle_deallocations: 1.


Internal statistics:

num_allocs_failed_limit: 6.
num_arena_births: 1884.
num_arena_deaths: 314.
num_vsnodes_births: 12.
num_vsnodes_deaths: 0.
num_space_committed: 1543.
num_space_uncommitted: 0.
num_chunks_returned_to_freelist: 365.
num_chunks_taken_from_freelist: 6003.
num_chunk_merges: 100.
num_chunk_splits: 3709.
num_chunks_enlarged: 2324.
num_purges: 42.
num_inconsistent_stats: 0.

CodeHeap 'non-profiled nmethods': size=120000Kb used=11325Kb max_used=11325Kb free=108674Kb
 bounds [0x0000023507ad0000, 0x00000235085e0000, 0x000002350f000000]
CodeHeap 'profiled nmethods': size=120000Kb used=23838Kb max_used=24661Kb free=96162Kb
 bounds [0x00000235005a0000, 0x0000023501dc0000, 0x0000023507ad0000]
CodeHeap 'non-nmethods': size=5760Kb used=1333Kb max_used=1422Kb free=4426Kb
 bounds [0x0000023500000000, 0x0000023500270000, 0x00000235005a0000]
 total_blobs=13175 nmethods=12512 adapters=573
 compilation: enabled
              stopped_count=0, restarted_count=0
 full_count=0

Compilation events (20 events):
Event: 4408.001 Thread 0x000002351103f030 16196       3       org.apache.tomcat.util.collections.ManagedConcurrentWeakHashMap::maintain (44 bytes)
Event: 4408.003 Thread 0x000002351103f030 nmethod 16196 0x0000023500edfd10 code [0x0000023500edff00, 0x0000023500ee0618]
Event: 4644.584 Thread 0x000002357f368330 16197       4       java.util.concurrent.ScheduledThreadPoolExecutor$ScheduledFutureTask::run (57 bytes)
Event: 4644.610 Thread 0x000002357f368330 nmethod 16197 0x00000235085dba90 code [0x00000235085dbc80, 0x00000235085dc210]
Event: 5128.586 Thread 0x000002357f368330 16198       4       java.util.concurrent.ScheduledThreadPoolExecutor$DelayedWorkQueue::siftDown (119 bytes)
Event: 5128.616 Thread 0x000002357f368330 nmethod 16198 0x00000235085dc810 code [0x00000235085dc9e0, 0x00000235085dd1b8]
Event: 5138.657 Thread 0x000002357f368330 16199       4       java.util.HashMap::valuesToArray (81 bytes)
Event: 5138.676 Thread 0x000002357f368330 nmethod 16199 0x00000235085dd690 code [0x00000235085dd820, 0x00000235085ddad8]
Event: 5159.573 Thread 0x000002351103f030 16200   !   3       java.util.concurrent.ThreadPoolExecutor::getTask (177 bytes)
Event: 5159.574 Thread 0x000002351103f030 nmethod 16200 0x0000023501012b10 code [0x0000023501012da0, 0x0000023501013c38]
Event: 5327.635 Thread 0x000002357f368330 16201       4       java.util.concurrent.ScheduledThreadPoolExecutor$DelayedWorkQueue::finishPoll (43 bytes)
Event: 5327.654 Thread 0x000002357f368330 nmethod 16201 0x00000235085ddc90 code [0x00000235085dde60, 0x00000235085de738]
Event: 5338.860 Thread 0x000002357f368330 16202       4       java.util.HashMap::valuesToArray (81 bytes)
Event: 5338.864 Thread 0x000002357f368330 nmethod 16202 0x00000235085ded10 code [0x00000235085deea0, 0x00000235085df158]
Event: 5357.638 Thread 0x000002351103f030 16203       3       com.zaxxer.hikari.pool.HikariPool::logPoolState (92 bytes)
Event: 5357.641 Thread 0x000002351103f030 nmethod 16203 0x0000023500fb3410 code [0x0000023500fb3760, 0x0000023500fb51f8]
Event: 5376.220 Thread 0x000002351103f030 16204       3       org.springframework.boot.devtools.filewatch.FileSnapshot::hashCode (49 bytes)
Event: 5376.220 Thread 0x000002357f368330 16205       4       java.lang.Boolean::hashCode (14 bytes)
Event: 5376.221 Thread 0x000002357f368330 nmethod 16205 0x00000235085df310 code [0x00000235085df480, 0x00000235085df4f8]
Event: 5376.221 Thread 0x000002351103f030 nmethod 16204 0x000002350124b210 code [0x000002350124b400, 0x000002350124b7d8]

GC Heap History (20 events):
Event: 4038.954 GC heap before
{Heap before GC invocations=135 (full 21):
 garbage-first heap   total 106496K, used 85458K [0x0000000081c00000, 0x0000000100000000)
  region size 1024K, 50 young (51200K), 3 survivors (3072K)
 Metaspace       used 97477K, committed 98752K, reserved 1138688K
  class space    used 11667K, committed 12224K, reserved 1048576K
}
Event: 4038.958 GC heap after
{Heap after GC invocations=136 (full 21):
 garbage-first heap   total 106496K, used 37299K [0x0000000081c00000, 0x0000000100000000)
  region size 1024K, 3 young (3072K), 3 survivors (3072K)
 Metaspace       used 97477K, committed 98752K, reserved 1138688K
  class space    used 11667K, committed 12224K, reserved 1048576K
}
Event: 4174.538 GC heap before
{Heap before GC invocations=136 (full 21):
 garbage-first heap   total 106496K, used 86451K [0x0000000081c00000, 0x0000000100000000)
  region size 1024K, 51 young (52224K), 3 survivors (3072K)
 Metaspace       used 97477K, committed 98752K, reserved 1138688K
  class space    used 11667K, committed 12224K, reserved 1048576K
}
Event: 4174.542 GC heap after
{Heap after GC invocations=137 (full 21):
 garbage-first heap   total 106496K, used 37213K [0x0000000081c00000, 0x0000000100000000)
  region size 1024K, 3 young (3072K), 3 survivors (3072K)
 Metaspace       used 97477K, committed 98752K, reserved 1138688K
  class space    used 11667K, committed 12224K, reserved 1048576K
}
Event: 4315.701 GC heap before
{Heap before GC invocations=137 (full 21):
 garbage-first heap   total 106496K, used 87389K [0x0000000081c00000, 0x0000000100000000)
  region size 1024K, 52 young (53248K), 3 survivors (3072K)
 Metaspace       used 97477K, committed 98752K, reserved 1138688K
  class space    used 11667K, committed 12224K, reserved 1048576K
}
Event: 4315.707 GC heap after
{Heap after GC invocations=138 (full 21):
 garbage-first heap   total 106496K, used 37250K [0x0000000081c00000, 0x0000000100000000)
  region size 1024K, 3 young (3072K), 3 survivors (3072K)
 Metaspace       used 97477K, committed 98752K, reserved 1138688K
  class space    used 11667K, committed 12224K, reserved 1048576K
}
Event: 4460.104 GC heap before
{Heap before GC invocations=138 (full 21):
 garbage-first heap   total 106496K, used 88450K [0x0000000081c00000, 0x0000000100000000)
  region size 1024K, 53 young (54272K), 3 survivors (3072K)
 Metaspace       used 97480K, committed 98752K, reserved 1138688K
  class space    used 11667K, committed 12224K, reserved 1048576K
}
Event: 4460.118 GC heap after
{Heap after GC invocations=139 (full 21):
 garbage-first heap   total 106496K, used 37180K [0x0000000081c00000, 0x0000000100000000)
  region size 1024K, 3 young (3072K), 3 survivors (3072K)
 Metaspace       used 97480K, committed 98752K, reserved 1138688K
  class space    used 11667K, committed 12224K, reserved 1048576K
}
Event: 4605.133 GC heap before
{Heap before GC invocations=139 (full 21):
 garbage-first heap   total 106496K, used 88380K [0x0000000081c00000, 0x0000000100000000)
  region size 1024K, 53 young (54272K), 3 survivors (3072K)
 Metaspace       used 97480K, committed 98752K, reserved 1138688K
  class space    used 11667K, committed 12224K, reserved 1048576K
}
Event: 4605.139 GC heap after
{Heap after GC invocations=140 (full 21):
 garbage-first heap   total 106496K, used 37298K [0x0000000081c00000, 0x0000000100000000)
  region size 1024K, 3 young (3072K), 3 survivors (3072K)
 Metaspace       used 97480K, committed 98752K, reserved 1138688K
  class space    used 11667K, committed 12224K, reserved 1048576K
}
Event: 4750.072 GC heap before
{Heap before GC invocations=140 (full 21):
 garbage-first heap   total 106496K, used 88498K [0x0000000081c00000, 0x0000000100000000)
  region size 1024K, 53 young (54272K), 3 survivors (3072K)
 Metaspace       used 97480K, committed 98752K, reserved 1138688K
  class space    used 11667K, committed 12224K, reserved 1048576K
}
Event: 4750.077 GC heap after
{Heap after GC invocations=141 (full 21):
 garbage-first heap   total 106496K, used 37172K [0x0000000081c00000, 0x0000000100000000)
  region size 1024K, 3 young (3072K), 3 survivors (3072K)
 Metaspace       used 97480K, committed 98752K, reserved 1138688K
  class space    used 11667K, committed 12224K, reserved 1048576K
}
Event: 4892.292 GC heap before
{Heap before GC invocations=141 (full 21):
 garbage-first heap   total 106496K, used 88372K [0x0000000081c00000, 0x0000000100000000)
  region size 1024K, 53 young (54272K), 3 survivors (3072K)
 Metaspace       used 97480K, committed 98752K, reserved 1138688K
  class space    used 11667K, committed 12224K, reserved 1048576K
}
Event: 4892.306 GC heap after
{Heap after GC invocations=142 (full 21):
 garbage-first heap   total 106496K, used 37335K [0x0000000081c00000, 0x0000000100000000)
  region size 1024K, 3 young (3072K), 3 survivors (3072K)
 Metaspace       used 97480K, committed 98752K, reserved 1138688K
  class space    used 11667K, committed 12224K, reserved 1048576K
}
Event: 5035.223 GC heap before
{Heap before GC invocations=142 (full 21):
 garbage-first heap   total 106496K, used 88535K [0x0000000081c00000, 0x0000000100000000)
  region size 1024K, 53 young (54272K), 3 survivors (3072K)
 Metaspace       used 97480K, committed 98752K, reserved 1138688K
  class space    used 11667K, committed 12224K, reserved 1048576K
}
Event: 5035.227 GC heap after
{Heap after GC invocations=143 (full 21):
 garbage-first heap   total 106496K, used 37181K [0x0000000081c00000, 0x0000000100000000)
  region size 1024K, 3 young (3072K), 3 survivors (3072K)
 Metaspace       used 97480K, committed 98752K, reserved 1138688K
  class space    used 11667K, committed 12224K, reserved 1048576K
}
Event: 5177.420 GC heap before
{Heap before GC invocations=143 (full 21):
 garbage-first heap   total 106496K, used 88381K [0x0000000081c00000, 0x0000000100000000)
  region size 1024K, 53 young (54272K), 3 survivors (3072K)
 Metaspace       used 97480K, committed 98752K, reserved 1138688K
  class space    used 11667K, committed 12224K, reserved 1048576K
}
Event: 5177.424 GC heap after
{Heap after GC invocations=144 (full 21):
 garbage-first heap   total 106496K, used 37316K [0x0000000081c00000, 0x0000000100000000)
  region size 1024K, 3 young (3072K), 3 survivors (3072K)
 Metaspace       used 97480K, committed 98752K, reserved 1138688K
  class space    used 11667K, committed 12224K, reserved 1048576K
}
Event: 5321.149 GC heap before
{Heap before GC invocations=144 (full 21):
 garbage-first heap   total 106496K, used 88516K [0x0000000081c00000, 0x0000000100000000)
  region size 1024K, 53 young (54272K), 3 survivors (3072K)
 Metaspace       used 97480K, committed 98752K, reserved 1138688K
  class space    used 11667K, committed 12224K, reserved 1048576K
}
Event: 5321.158 GC heap after
{Heap after GC invocations=145 (full 21):
 garbage-first heap   total 106496K, used 37210K [0x0000000081c00000, 0x0000000100000000)
  region size 1024K, 3 young (3072K), 3 survivors (3072K)
 Metaspace       used 97480K, committed 98752K, reserved 1138688K
  class space    used 11667K, committed 12224K, reserved 1048576K
}

Deoptimization events (20 events):
Event: 5148.669 Thread 0x00000235127c3050 Uncommon trap: trap_request=0xffffffbe fr.pc=0x00000235085dda38 relative=0x0000000000000218
Event: 5148.669 Thread 0x00000235127c3050 Uncommon trap: reason=profile_predicate action=maybe_recompile pc=0x00000235085dda38 method=java.util.HashMap.valuesToArray([Ljava/lang/Object;)[Ljava/lang/Object; @ 36 c2
Event: 5148.669 Thread 0x00000235127c3050 DEOPT PACKING pc=0x00000235085dda38 sp=0x0000005f623febc0
Event: 5148.669 Thread 0x00000235127c3050 DEOPT UNPACKING pc=0x00000235000523a3 sp=0x0000005f623feb60 mode 2
Event: 5148.669 Thread 0x00000235127c3050 Uncommon trap: trap_request=0xffffffbe fr.pc=0x00000235085dda38 relative=0x0000000000000218
Event: 5148.669 Thread 0x00000235127c3050 Uncommon trap: reason=profile_predicate action=maybe_recompile pc=0x00000235085dda38 method=java.util.HashMap.valuesToArray([Ljava/lang/Object;)[Ljava/lang/Object; @ 36 c2
Event: 5148.669 Thread 0x00000235127c3050 DEOPT PACKING pc=0x00000235085dda38 sp=0x0000005f623feae0
Event: 5148.669 Thread 0x00000235127c3050 DEOPT UNPACKING pc=0x00000235000523a3 sp=0x0000005f623fea80 mode 2
Event: 5158.683 Thread 0x00000235127c3050 Uncommon trap: trap_request=0xffffffbe fr.pc=0x00000235085dda38 relative=0x0000000000000218
Event: 5158.683 Thread 0x00000235127c3050 Uncommon trap: reason=profile_predicate action=maybe_recompile pc=0x00000235085dda38 method=java.util.HashMap.valuesToArray([Ljava/lang/Object;)[Ljava/lang/Object; @ 36 c2
Event: 5158.683 Thread 0x00000235127c3050 DEOPT PACKING pc=0x00000235085dda38 sp=0x0000005f623feca0
Event: 5158.683 Thread 0x00000235127c3050 DEOPT UNPACKING pc=0x00000235000523a3 sp=0x0000005f623fec40 mode 2
Event: 5348.869 Thread 0x00000235127c09d0 Uncommon trap: trap_request=0xffffff76 fr.pc=0x00000235085df098 relative=0x00000000000001f8
Event: 5348.870 Thread 0x00000235127c09d0 Uncommon trap: reason=predicate action=maybe_recompile pc=0x00000235085df098 method=java.util.HashMap.valuesToArray([Ljava/lang/Object;)[Ljava/lang/Object; @ 48 c2
Event: 5348.871 Thread 0x00000235127c09d0 DEOPT PACKING pc=0x00000235085df098 sp=0x0000005f621ff0c0
Event: 5348.872 Thread 0x00000235127c09d0 DEOPT UNPACKING pc=0x00000235000523a3 sp=0x0000005f621ff058 mode 2
Event: 5376.219 Thread 0x0000023513ccc360 Uncommon trap: trap_request=0xffffff45 fr.pc=0x0000023507b96160 relative=0x0000000000000900
Event: 5376.220 Thread 0x0000023513ccc360 Uncommon trap: reason=unstable_if action=reinterpret pc=0x0000023507b96160 method=java.lang.String.toLowerCase(Ljava/util/Locale;)Ljava/lang/String; @ 4 c2
Event: 5376.220 Thread 0x0000023513ccc360 DEOPT PACKING pc=0x0000023507b96160 sp=0x0000005f614ff5d0
Event: 5376.220 Thread 0x0000023513ccc360 DEOPT UNPACKING pc=0x00000235000523a3 sp=0x0000005f614ff480 mode 2

Classes unloaded (20 events):
Event: 3170.111 Thread 0x000002357f315460 Unloading class 0x0000000100b5c000 'jdk/internal/reflect/GeneratedSerializationConstructorAccessor17'
Event: 3170.111 Thread 0x000002357f315460 Unloading class 0x0000000100b49c00 'org/apache/catalina/loader/JdbcLeakPrevention'
Event: 3173.796 Thread 0x000002357f315460 Unloading class 0x0000000100b94000 'jdk/internal/reflect/GeneratedSerializationConstructorAccessor18'
Event: 3173.796 Thread 0x000002357f315460 Unloading class 0x0000000100b84c00 'org/apache/catalina/loader/JdbcLeakPrevention'
Event: 3468.982 Thread 0x000002357f315460 Unloading class 0x0000000100ba0000 'jdk/internal/reflect/GeneratedSerializationConstructorAccessor19'
Event: 3468.982 Thread 0x000002357f315460 Unloading class 0x0000000100b94800 'org/apache/catalina/loader/JdbcLeakPrevention'
Event: 3608.092 Thread 0x000002357f315460 Unloading class 0x0000000100bb0000 'jdk/internal/reflect/GeneratedSerializationConstructorAccessor20'
Event: 3608.092 Thread 0x000002357f315460 Unloading class 0x0000000100ba0800 'org/apache/catalina/loader/JdbcLeakPrevention'
Event: 3608.092 Thread 0x000002357f315460 Unloading class 0x0000000100191000 'java/lang/invoke/LambdaForm$MH+0x0000000100191000'
Event: 3608.092 Thread 0x000002357f315460 Unloading class 0x0000000100190c00 'java/lang/invoke/LambdaForm$MH+0x0000000100190c00'
Event: 3608.092 Thread 0x000002357f315460 Unloading class 0x0000000100190800 'java/lang/invoke/LambdaForm$MH+0x0000000100190800'
Event: 3608.092 Thread 0x000002357f315460 Unloading class 0x0000000100190400 'java/lang/invoke/LambdaForm$MH+0x0000000100190400'
Event: 3608.092 Thread 0x000002357f315460 Unloading class 0x0000000100190000 'java/lang/invoke/LambdaForm$MH+0x0000000100190000'
Event: 3608.092 Thread 0x000002357f315460 Unloading class 0x0000000100189c00 'java/lang/invoke/LambdaForm$MH+0x0000000100189c00'
Event: 3608.092 Thread 0x000002357f315460 Unloading class 0x0000000100189800 'java/lang/invoke/LambdaForm$MH+0x0000000100189800'
Event: 3608.092 Thread 0x000002357f315460 Unloading class 0x0000000100189400 'java/lang/invoke/LambdaForm$MH+0x0000000100189400'
Event: 3649.232 Thread 0x000002357f315460 Unloading class 0x0000000100bc4000 'jdk/internal/reflect/GeneratedSerializationConstructorAccessor21'
Event: 3649.232 Thread 0x000002357f315460 Unloading class 0x0000000100bb0c00 'org/apache/catalina/loader/JdbcLeakPrevention'
Event: 3676.566 Thread 0x000002357f315460 Unloading class 0x0000000100bd8000 'jdk/internal/reflect/GeneratedSerializationConstructorAccessor22'
Event: 3676.566 Thread 0x000002357f315460 Unloading class 0x0000000100bc4800 'org/apache/catalina/loader/JdbcLeakPrevention'

Classes redefined (0 events):
No events

Internal exceptions (20 events):
Event: 3650.118 Thread 0x00000235127c2b80 Exception <a 'sun/nio/fs/WindowsException'{0x00000000860107b0}> (0x00000000860107b0) 
thrown [s\src\hotspot\share\prims\jni.cpp, line 516]
Event: 3650.131 Thread 0x00000235127c2b80 Exception <a 'java/io/FileNotFoundException'{0x0000000086044cc0}> (0x0000000086044cc0) 
thrown [s\src\hotspot\share\prims\jni.cpp, line 516]
Event: 3650.356 Thread 0x00000235127c2b80 Exception <a 'java/io/FileNotFoundException'{0x0000000087c7c490}> (0x0000000087c7c490) 
thrown [s\src\hotspot\share\prims\jni.cpp, line 516]
Event: 3652.306 Thread 0x00000235127c6070 Exception <a 'java/lang/reflect/InvocationTargetException'{0x0000000087c3aff8}> (0x0000000087c3aff8) 
thrown [s\src\hotspot\share\runtime\reflection.cpp, line 1121]
Event: 3652.306 Thread 0x00000235127c6070 Exception <a 'java/lang/reflect/InvocationTargetException'{0x0000000087c3ca00}> (0x0000000087c3ca00) 
thrown [s\src\hotspot\share\runtime\reflection.cpp, line 1121]
Event: 3676.527 Thread 0x00000235127c4390 Exception <a 'java/lang/InterruptedException'{0x00000000873a3b50}: sleep interrupted> (0x00000000873a3b50) 
thrown [s\src\hotspot\share\prims\jvm.cpp, line 3070]
Event: 3676.637 Thread 0x00000235127c3ec0 Exception <a 'sun/nio/fs/WindowsException'{0x00000000883b37a0}> (0x00000000883b37a0) 
thrown [s\src\hotspot\share\prims\jni.cpp, line 516]
Event: 3676.976 Thread 0x00000235127c3ec0 Exception <a 'java/lang/NoClassDefFoundError'{0x00000000869fadb8}: org/flywaydb/core/Flyway> (0x00000000869fadb8) 
thrown [s\src\hotspot\share\oops\constantPool.cpp, line 835]
Event: 3676.976 Thread 0x00000235127c3ec0 Exception <a 'java/lang/NoClassDefFoundError'{0x00000000869fb408}: liquibase/integration/spring/SpringLiquibase> (0x00000000869fb408) 
thrown [s\src\hotspot\share\oops\constantPool.cpp, line 835]
Event: 3676.979 Thread 0x00000235127c3ec0 Exception <a 'java/lang/NoClassDefFoundError'{0x0000000086859720}: org/jooq/DSLContext> (0x0000000086859720) 
thrown [s\src\hotspot\share\oops\constantPool.cpp, line 835]
Event: 3676.979 Thread 0x00000235127c3ec0 Exception <a 'java/lang/NoClassDefFoundError'{0x0000000086868b28}: org/springframework/batch/core/repository/JobRepository> (0x0000000086868b28) 
thrown [s\src\hotspot\share\oops\constantPool.cpp, line 835]
Event: 3676.979 Thread 0x00000235127c3ec0 Exception <a 'java/lang/NoClassDefFoundError'{0x0000000086869170}: org/quartz/Scheduler> (0x0000000086869170) 
thrown [s\src\hotspot\share\oops\constantPool.cpp, line 835]
Event: 3676.979 Thread 0x00000235127c3ec0 Exception <a 'java/lang/NoClassDefFoundError'{0x00000000868697e0}: org/springframework/session/jdbc/JdbcIndexedSessionRepository> (0x00000000868697e0) 
thrown [s\src\hotspot\share\oops\constantPool.cpp, line 835]
Event: 3677.032 Thread 0x00000235127c3ec0 Exception <a 'sun/nio/fs/WindowsException'{0x000000008602acd8}> (0x000000008602acd8) 
thrown [s\src\hotspot\share\prims\jni.cpp, line 516]
Event: 3677.032 Thread 0x00000235127c3ec0 Exception <a 'sun/nio/fs/WindowsException'{0x000000008602b340}> (0x000000008602b340) 
thrown [s\src\hotspot\share\prims\jni.cpp, line 516]
Event: 3677.032 Thread 0x00000235127c3ec0 Exception <a 'sun/nio/fs/WindowsException'{0x000000008602ba18}> (0x000000008602ba18) 
thrown [s\src\hotspot\share\prims\jni.cpp, line 516]
Event: 3677.048 Thread 0x00000235127c3ec0 Exception <a 'java/io/FileNotFoundException'{0x000000008605fd90}> (0x000000008605fd90) 
thrown [s\src\hotspot\share\prims\jni.cpp, line 516]
Event: 3677.280 Thread 0x00000235127c3ec0 Exception <a 'java/io/FileNotFoundException'{0x0000000087ad4cf8}> (0x0000000087ad4cf8) 
thrown [s\src\hotspot\share\prims\jni.cpp, line 516]
Event: 3680.522 Thread 0x00000235127c4390 Exception <a 'java/lang/reflect/InvocationTargetException'{0x0000000087857f60}> (0x0000000087857f60) 
thrown [s\src\hotspot\share\runtime\reflection.cpp, line 1121]
Event: 3680.522 Thread 0x00000235127c4390 Exception <a 'java/lang/reflect/InvocationTargetException'{0x0000000087859968}> (0x0000000087859968) 
thrown [s\src\hotspot\share\runtime\reflection.cpp, line 1121]

VM Operations (20 events):
Event: 4605.133 Executing VM operation: G1CollectForAllocation
Event: 4605.139 Executing VM operation: G1CollectForAllocation done
Event: 4647.567 Executing VM operation: Cleanup
Event: 4647.568 Executing VM operation: Cleanup done
Event: 4750.072 Executing VM operation: G1CollectForAllocation
Event: 4750.077 Executing VM operation: G1CollectForAllocation done
Event: 4892.291 Executing VM operation: G1CollectForAllocation
Event: 4892.306 Executing VM operation: G1CollectForAllocation done
Event: 5035.223 Executing VM operation: G1CollectForAllocation
Event: 5035.227 Executing VM operation: G1CollectForAllocation done
Event: 5149.368 Executing VM operation: Cleanup
Event: 5149.368 Executing VM operation: Cleanup done
Event: 5159.447 Executing VM operation: Cleanup
Event: 5159.447 Executing VM operation: Cleanup done
Event: 5177.420 Executing VM operation: G1CollectForAllocation
Event: 5177.424 Executing VM operation: G1CollectForAllocation done
Event: 5321.149 Executing VM operation: G1CollectForAllocation
Event: 5321.159 Executing VM operation: G1CollectForAllocation done
Event: 5349.375 Executing VM operation: Cleanup
Event: 5349.375 Executing VM operation: Cleanup done

Events (20 events):
Event: 3677.281 Thread 0x00000235127c09d0 Thread added: 0x00000235127c09d0
Event: 3677.281 Thread 0x00000235127c3050 Thread added: 0x00000235127c3050
Event: 3677.281 Thread 0x00000235127c3520 Thread added: 0x00000235127c3520
Event: 3677.551 Thread 0x00000235127c5ba0 Thread added: 0x00000235127c5ba0
Event: 3677.558 Thread 0x00000235127c4390 Thread added: 0x00000235127c4390
Event: 3677.558 Thread 0x00000235127c4860 Thread added: 0x00000235127c4860
Event: 3677.558 Thread 0x00000235127c6070 Thread added: 0x00000235127c6070
Event: 3677.558 Thread 0x00000235127c6540 Thread added: 0x00000235127c6540
Event: 3677.558 Thread 0x00000235127c73b0 Thread added: 0x00000235127c73b0
Event: 3677.558 Thread 0x00000235127c1840 Thread added: 0x00000235127c1840
Event: 3677.558 Thread 0x00000235127c7880 Thread added: 0x00000235127c7880
Event: 3677.558 Thread 0x00000235127c0030 Thread added: 0x00000235127c0030
Event: 3677.559 Thread 0x00000235127c0500 Thread added: 0x00000235127c0500
Event: 3677.559 Thread 0x00000235127c0ea0 Thread added: 0x00000235127c0ea0
Event: 3677.561 Thread 0x00000235127c1370 Thread added: 0x00000235127c1370
Event: 3677.561 Thread 0x0000023513cce510 Thread added: 0x0000023513cce510
Event: 3677.570 Thread 0x00000235127c2b80 Thread exited: 0x00000235127c2b80
Event: 3677.570 Thread 0x00000235127c3ec0 Thread exited: 0x00000235127c3ec0
Event: 3680.467 Thread 0x0000023518b19ea0 Thread exited: 0x0000023518b19ea0
Event: 3682.383 Thread 0x00000235127c6ee0 Thread exited: 0x00000235127c6ee0


Dynamic libraries:
0x00007ff6b6aa0000 - 0x00007ff6b6aae000 	C:\Users\macie\.p2\pool\plugins\org.eclipse.justj.openjdk.hotspot.jre.full.win32.x86_64_17.0.4.v20220903-1038\jre\bin\javaw.exe
0x00007ffa8c8f0000 - 0x00007ffa8cae8000 	C:\WINDOWS\SYSTEM32\ntdll.dll
0x00007ffa8bc60000 - 0x00007ffa8bd1f000 	C:\WINDOWS\System32\KERNEL32.DLL
0x00007ffa8a430000 - 0x00007ffa8a726000 	C:\WINDOWS\System32\KERNELBASE.dll
0x00007ffa8a7a0000 - 0x00007ffa8a8a0000 	C:\WINDOWS\System32\ucrtbase.dll
0x00007ffa7fca0000 - 0x00007ffa7fcb8000 	C:\Users\macie\.p2\pool\plugins\org.eclipse.justj.openjdk.hotspot.jre.full.win32.x86_64_17.0.4.v20220903-1038\jre\bin\jli.dll
0x00007ffa844d0000 - 0x00007ffa844e9000 	C:\Users\macie\.p2\pool\plugins\org.eclipse.justj.openjdk.hotspot.jre.full.win32.x86_64_17.0.4.v20220903-1038\jre\bin\VCRUNTIME140.dll
0x00007ffa8c570000 - 0x00007ffa8c70d000 	C:\WINDOWS\System32\USER32.dll
0x00007ffa8a8a0000 - 0x00007ffa8a8c2000 	C:\WINDOWS\System32\win32u.dll
0x00007ffa6fde0000 - 0x00007ffa7007a000 	C:\WINDOWS\WinSxS\amd64_microsoft.windows.common-controls_6595b64144ccf1df_6.0.19041.1110_none_60b5254171f9507e\COMCTL32.dll
0x00007ffa8bef0000 - 0x00007ffa8bf1c000 	C:\WINDOWS\System32\GDI32.dll
0x00007ffa8b450000 - 0x00007ffa8b4ee000 	C:\WINDOWS\System32\msvcrt.dll
0x00007ffa8a1c0000 - 0x00007ffa8a2d5000 	C:\WINDOWS\System32\gdi32full.dll
0x00007ffa8a390000 - 0x00007ffa8a42d000 	C:\WINDOWS\System32\msvcp_win.dll
0x00007ffa8c0d0000 - 0x00007ffa8c100000 	C:\WINDOWS\System32\IMM32.DLL
0x00007ffa81010000 - 0x00007ffa8101c000 	C:\Users\macie\.p2\pool\plugins\org.eclipse.justj.openjdk.hotspot.jre.full.win32.x86_64_17.0.4.v20220903-1038\jre\bin\vcruntime140_1.dll
0x00007ffa6cc70000 - 0x00007ffa6cd01000 	C:\Users\macie\.p2\pool\plugins\org.eclipse.justj.openjdk.hotspot.jre.full.win32.x86_64_17.0.4.v20220903-1038\jre\bin\msvcp140.dll
0x00007ffa56c70000 - 0x00007ffa578b6000 	C:\Users\macie\.p2\pool\plugins\org.eclipse.justj.openjdk.hotspot.jre.full.win32.x86_64_17.0.4.v20220903-1038\jre\bin\server\jvm.dll
0x00007ffa8ab00000 - 0x00007ffa8abaf000 	C:\WINDOWS\System32\ADVAPI32.dll
0x00007ffa8b190000 - 0x00007ffa8b22c000 	C:\WINDOWS\System32\sechost.dll
0x00007ffa8b2c0000 - 0x00007ffa8b3e6000 	C:\WINDOWS\System32\RPCRT4.dll
0x00007ffa8c890000 - 0x00007ffa8c898000 	C:\WINDOWS\System32\PSAPI.DLL
0x00007ffa844c0000 - 0x00007ffa844c9000 	C:\WINDOWS\SYSTEM32\WSOCK32.dll
0x00007ffa7ee20000 - 0x00007ffa7ee2a000 	C:\WINDOWS\SYSTEM32\VERSION.dll
0x00007ffa8c000000 - 0x00007ffa8c06b000 	C:\WINDOWS\System32\WS2_32.dll
0x00007ffa84950000 - 0x00007ffa84977000 	C:\WINDOWS\SYSTEM32\WINMM.dll
0x00007ffa88ac0000 - 0x00007ffa88ad2000 	C:\WINDOWS\SYSTEM32\kernel.appcore.dll
0x00007ffa84320000 - 0x00007ffa8432a000 	C:\Users\macie\.p2\pool\plugins\org.eclipse.justj.openjdk.hotspot.jre.full.win32.x86_64_17.0.4.v20220903-1038\jre\bin\jimage.dll
0x00007ffa88570000 - 0x00007ffa88754000 	C:\WINDOWS\SYSTEM32\DBGHELP.DLL
0x00007ffa834c0000 - 0x00007ffa834f4000 	C:\WINDOWS\SYSTEM32\dbgcore.DLL
0x00007ffa89fd0000 - 0x00007ffa8a052000 	C:\WINDOWS\System32\bcryptPrimitives.dll
0x00007ffa7c920000 - 0x00007ffa7c945000 	C:\Users\macie\.p2\pool\plugins\org.eclipse.justj.openjdk.hotspot.jre.full.win32.x86_64_17.0.4.v20220903-1038\jre\bin\java.dll
0x00007ffa7caa0000 - 0x00007ffa7cab8000 	C:\Users\macie\.p2\pool\plugins\org.eclipse.justj.openjdk.hotspot.jre.full.win32.x86_64_17.0.4.v20220903-1038\jre\bin\zip.dll
0x00007ffa8b510000 - 0x00007ffa8bc54000 	C:\WINDOWS\System32\SHELL32.dll
0x00007ffa87cd0000 - 0x00007ffa88463000 	C:\WINDOWS\SYSTEM32\windows.storage.dll
0x00007ffa8abb0000 - 0x00007ffa8af04000 	C:\WINDOWS\System32\combase.dll
0x00007ffa89a30000 - 0x00007ffa89a5e000 	C:\WINDOWS\SYSTEM32\Wldp.dll
0x00007ffa8bd80000 - 0x00007ffa8be2d000 	C:\WINDOWS\System32\SHCORE.dll
0x00007ffa8bd20000 - 0x00007ffa8bd75000 	C:\WINDOWS\System32\shlwapi.dll
0x00007ffa89f10000 - 0x00007ffa89f2f000 	C:\WINDOWS\SYSTEM32\profapi.dll
0x00007ffa7c7a0000 - 0x00007ffa7c7b9000 	C:\Users\macie\.p2\pool\plugins\org.eclipse.justj.openjdk.hotspot.jre.full.win32.x86_64_17.0.4.v20220903-1038\jre\bin\net.dll
0x00007ffa83100000 - 0x00007ffa8320a000 	C:\WINDOWS\SYSTEM32\WINHTTP.dll
0x00007ffa89790000 - 0x00007ffa897fa000 	C:\WINDOWS\system32\mswsock.dll
0x00007ffa7c760000 - 0x00007ffa7c775000 	C:\Users\macie\.p2\pool\plugins\org.eclipse.justj.openjdk.hotspot.jre.full.win32.x86_64_17.0.4.v20220903-1038\jre\bin\nio.dll
0x00007ffa80f10000 - 0x00007ffa80f19000 	C:\Users\macie\.p2\pool\plugins\org.eclipse.justj.openjdk.hotspot.jre.full.win32.x86_64_17.0.4.v20220903-1038\jre\bin\management.dll
0x00007ffa80e90000 - 0x00007ffa80e9b000 	C:\Users\macie\.p2\pool\plugins\org.eclipse.justj.openjdk.hotspot.jre.full.win32.x86_64_17.0.4.v20220903-1038\jre\bin\management_ext.dll
0x00007ffa81b20000 - 0x00007ffa81b30000 	C:\Users\macie\.p2\pool\plugins\org.eclipse.justj.openjdk.hotspot.jre.full.win32.x86_64_17.0.4.v20220903-1038\jre\bin\verify.dll
0x00007ffa89990000 - 0x00007ffa899a8000 	C:\WINDOWS\SYSTEM32\CRYPTSP.dll
0x00007ffa88fd0000 - 0x00007ffa89004000 	C:\WINDOWS\system32\rsaenh.dll
0x00007ffa8a8d0000 - 0x00007ffa8a8f7000 	C:\WINDOWS\System32\bcrypt.dll
0x00007ffa89e90000 - 0x00007ffa89ebe000 	C:\WINDOWS\SYSTEM32\USERENV.dll
0x00007ffa89980000 - 0x00007ffa8998c000 	C:\WINDOWS\SYSTEM32\CRYPTBASE.dll
0x00007ffa89430000 - 0x00007ffa8946c000 	C:\WINDOWS\SYSTEM32\IPHLPAPI.DLL
0x00007ffa8bee0000 - 0x00007ffa8bee8000 	C:\WINDOWS\System32\NSI.dll
0x00007ffa82b30000 - 0x00007ffa82b47000 	C:\WINDOWS\SYSTEM32\dhcpcsvc6.DLL
0x00007ffa83570000 - 0x00007ffa8358d000 	C:\WINDOWS\SYSTEM32\dhcpcsvc.DLL
0x00007ffa894d0000 - 0x00007ffa8959b000 	C:\WINDOWS\SYSTEM32\DNSAPI.dll
0x00007ffa847a0000 - 0x00007ffa847ae000 	C:\Users\macie\.p2\pool\plugins\org.eclipse.justj.openjdk.hotspot.jre.full.win32.x86_64_17.0.4.v20220903-1038\jre\bin\sunmscapi.dll
0x00007ffa8a060000 - 0x00007ffa8a1be000 	C:\WINDOWS\System32\CRYPT32.dll
0x00007ffa89aa0000 - 0x00007ffa89ac8000 	C:\WINDOWS\SYSTEM32\ncrypt.dll
0x00007ffa89a60000 - 0x00007ffa89a9b000 	C:\WINDOWS\SYSTEM32\NTASN1.dll
0x00007ffa81570000 - 0x00007ffa8157a000 	C:\Windows\System32\rasadhlp.dll
0x00007ffa82e20000 - 0x00007ffa82ea2000 	C:\WINDOWS\System32\fwpuclnt.dll
0x00007ffa80810000 - 0x00007ffa80817000 	C:\WINDOWS\system32\wshunix.dll

dbghelp: loaded successfully - version: 4.0.5 - missing functions: none
symbol engine: initialized successfully - sym options: 0x614 - pdb path: .;C:\Users\macie\.p2\pool\plugins\org.eclipse.justj.openjdk.hotspot.jre.full.win32.x86_64_17.0.4.v20220903-1038\jre\bin;C:\WINDOWS\SYSTEM32;C:\WINDOWS\WinSxS\amd64_microsoft.windows.common-controls_6595b64144ccf1df_6.0.19041.1110_none_60b5254171f9507e;C:\Users\macie\.p2\pool\plugins\org.eclipse.justj.openjdk.hotspot.jre.full.win32.x86_64_17.0.4.v20220903-1038\jre\bin\server

VM Arguments:
jvm_args: -Dfile.encoding=UTF-8 -XX:+ShowCodeDetailsInExceptionMessages 
java_command: com.mac2work.forumrestapi.ForumRestApiApplication
java_class_path (initial): C:\Users\macie\java-spring\forum-rest-api\target\classes;C:\Users\macie\.m2\repository\org\springframework\boot\spring-boot-starter-data-jpa\3.1.0-M2\spring-boot-starter-data-jpa-3.1.0-M2.jar;C:\Users\macie\.m2\repository\org\springframework\boot\spring-boot-starter-aop\3.1.0-M2\spring-boot-starter-aop-3.1.0-M2.jar;C:\Users\macie\.m2\repository\org\aspectj\aspectjweaver\1.9.19\aspectjweaver-1.9.19.jar;C:\Users\macie\.m2\repository\org\springframework\boot\spring-boot-starter-jdbc\3.1.0-M2\spring-boot-starter-jdbc-3.1.0-M2.jar;C:\Users\macie\.m2\repository\com\zaxxer\HikariCP\5.0.1\HikariCP-5.0.1.jar;C:\Users\macie\.m2\repository\org\springframework\spring-jdbc\6.0.7\spring-jdbc-6.0.7.jar;C:\Users\macie\.m2\repository\org\hibernate\orm\hibernate-core\6.1.7.Final\hibernate-core-6.1.7.Final.jar;C:\Users\macie\.m2\repository\jakarta\persistence\jakarta.persistence-api\3.1.0\jakarta.persistence-api-3.1.0.jar;C:\Users\macie\.m2\repository\jakarta\transaction\jakarta.transaction-api\2.0.1\jakarta.transaction-api-2.0.1.jar;C:\Users\macie\.m2\repository\org\jboss\logging\jboss-logging\3.5.0.Final\jboss-logging-3.5.0.Final.jar;C:\Users\macie\.m2\repository\org\hibernate\common\hibernate-commons-annotations\6.0.6.Final\hibernate-commons-annotations-6.0.6.Final.jar;C:\Users\macie\.m2\repository\org\jboss\jandex\2.4.2.Final\jandex-2.4.2.Final.jar;C:\Users\macie\.m2\repository\com\fasterxml\classmate\1.5.1\classmate-1.5.1.jar;C:\Users\macie\.m2\repository\net\bytebuddy\byte-buddy\1.14.2\byte-buddy-1.14.2.jar;C:\Users\macie\.m2\repository\org\glassfish\jaxb\jaxb-runtime\4.0.2\jaxb-runtime-4.0.2.jar;C:\Users\macie\.m2\repository\org\glassfish\jaxb\jaxb-core\4.0.2\jaxb-core-4.0.2.jar;C:\Users\macie\.m2\repository\org\eclipse\angus\angus-activation\2.0.0\angus-activation-2.0.0.jar;C:\Users\macie\.m2\repository\org\glassfish\jaxb\txw2\4.0.2\txw2-4.0.2.jar;C:\Users\macie\.m2\repository\com\sun\istack\istack-commons-runtime\4.1.1\istack-commons-runtime-4.1.1
Launcher Type: SUN_STANDARD

[Global flags]
     intx CICompilerCount                          = 3                                         {product} {ergonomic}
     uint ConcGCThreads                            = 1                                         {product} {ergonomic}
     uint G1ConcRefinementThreads                  = 4                                         {product} {ergonomic}
   size_t G1HeapRegionSize                         = 1048576                                   {product} {ergonomic}
    uintx GCDrainStackTargetSize                   = 64                                        {product} {ergonomic}
   size_t InitialHeapSize                          = 134217728                                 {product} {ergonomic}
   size_t MarkStackSize                            = 4194304                                   {product} {ergonomic}
   size_t MaxHeapSize                              = 2118123520                                {product} {ergonomic}
   size_t MaxNewSize                               = 1270874112                                {product} {ergonomic}
   size_t MinHeapDeltaBytes                        = 1048576                                   {product} {ergonomic}
   size_t MinHeapSize                              = 8388608                                   {product} {ergonomic}
    uintx NonNMethodCodeHeapSize                   = 5832780                                {pd product} {ergonomic}
    uintx NonProfiledCodeHeapSize                  = 122912730                              {pd product} {ergonomic}
    uintx ProfiledCodeHeapSize                     = 122912730                              {pd product} {ergonomic}
    uintx ReservedCodeCacheSize                    = 251658240                              {pd product} {ergonomic}
     bool SegmentedCodeCache                       = true                                      {product} {ergonomic}
     bool ShowCodeDetailsInExceptionMessages       = true                                   {manageable} {command line}
   size_t SoftMaxHeapSize                          = 2118123520                             {manageable} {ergonomic}
     bool UseCompressedClassPointers               = true                           {product lp64_product} {ergonomic}
     bool UseCompressedOops                        = true                           {product lp64_product} {ergonomic}
     bool UseG1GC                                  = true                                      {product} {ergonomic}
     bool UseLargePagesIndividualAllocation        = false                                  {pd product} {ergonomic}

Logging:
Log output configuration:
 #0: stdout all=warning uptime,level,tags
 #1: stderr all=off uptime,level,tags

Environment Variables:
JAVA_HOME=C:\Program Files\Java\jdk-17
CLASSPATH=.
PATH=C:/Users/macie/.p2/pool/plugins/org.eclipse.justj.openjdk.hotspot.jre.full.win32.x86_64_17.0.4.v20220903-1038/jre/bin/server;C:/Users/macie/.p2/pool/plugins/org.eclipse.justj.openjdk.hotspot.jre.full.win32.x86_64_17.0.4.v20220903-1038/jre/bin;C:\Program Files\Common Files\Oracle\Java\javapath;C:\Program Files\Java\jdk1.8.0_202\bin;C:\ProgramData\Oracle\Java\javapath;C:\Program Files (x86)\Common Files\Oracle\Java\javapath;C:\WINDOWS\system32;C:\WINDOWS;C:\WINDOWS\System32\Wbem;C:\WINDOWS\System32\WindowsPowerShell\v1.0\;C:\WINDOWS\System32\OpenSSH\;C:\bin;C:\Program Files\dotnet\;C:\Program Files\Git\cmd;C:\WINDOWS\system32;C:\WINDOWS;C:\WINDOWS\System32\Wbem;C:\WINDOWS\System32\WindowsPowerShell\v1.0\;C:\WINDOWS\System32\OpenSSH\;C:\Program Files\Java\jdk1.8.0_202\bin;C:\Users\macie\AppData\Local\Microsoft\WindowsApps;C:\xampp\php;C:\Users\macie\AppData\Local\Programs\Microsoft VS Code\bin;C:\Users\macie\.dotnet\tools;C:\Program Files\Java\jdk-17\bin;;C:\WINDOWS\system32;
USERNAME=macie
OS=Windows_NT
PROCESSOR_IDENTIFIER=Intel64 Family 6 Model 42 Stepping 7, GenuineIntel
TMP=C:\Users\macie\AppData\Local\Temp
TEMP=C:\Users\macie\AppData\Local\Temp



---------------  S Y S T E M  ---------------

OS:
 Windows 10 , 64 bit Build 19041 (10.0.19041.2913)
OS uptime: 27 days 23:49 hours

CPU: total 4 (initial active 4) (2 cores per cpu, 2 threads per core) family 6 model 42 stepping 7 microcode 0x2f, cx8, cmov, fxsr, ht, mmx, sse, sse2, sse3, ssse3, sse4.1, sse4.2, popcnt, tsc, tscinvbit, avx, aes, clmul, vzeroupper, clflush

Memory: 4k page, system-wide physical 8075M (1310M free)
TotalPageFile size 11673M (AvailPageFile size 1399M)
current process WorkingSet (physical memory assigned to process): 326M, peak: 355M
current process commit charge ("private bytes"): 370M, peak: 399M

vm_info: OpenJDK 64-Bit Server VM (17.0.4.1+1) for windows-amd64 JRE (17.0.4.1+1), built on Aug 17 2022 07:42:43 by "temurin" with MS VC++ 16.7 (VS2019)

END.
